# JRE version: Java(TM) SE Runtime Environment (8.0_121-b13) (build 1.8.0_121-b13)
# Java VM: Java HotSpot(TM) 64-Bit Server VM (25.121-b13 mixed mode windows-amd64 compressed oops)
Heap:
 PSYoungGen      total 101888K, used 27288K [0x00000000d5d80000, 0x00000000dd800000, 0x0000000100000000)
  eden space 95744K, 22% used [0x00000000d5d80000,0x00000000d7289150,0x00000000dbb00000)
  from space 6144K, 93% used [0x00000000dd200000,0x00000000dd79d218,0x00000000dd800000)
  to   space 14848K, 0% used [0x00000000dbb00000,0x00000000dbb00000,0x00000000dc980000)
 ParOldGen       total 100864K, used 18062K [0x0000000081800000, 0x0000000087a80000, 0x00000000d5d80000)
  object space 100864K, 17% used [0x0000000081800000,0x00000000829a3b20,0x0000000087a80000)
 Metaspace       used 37777K, capacity 39326K, committed 39592K, reserved 1083392K
  class space    used 4946K, capacity 5252K, committed 5296K, reserved 1048576K
GC Heap History (10 events):
Event: 4.001 GC heap before
{Heap before GC invocations=6 (full 1):
 PSYoungGen      total 53760K, used 53410K [0x00000000d5d80000, 0x00000000da800000, 0x0000000100000000)
  eden space 49152K, 100% used [0x00000000d5d80000,0x00000000d8d80000,0x00000000d8d80000)
  from space 4608K, 92% used [0x00000000da380000,0x00000000da7a8ac8,0x00000000da800000)
  to   space 5120K, 0% used [0x00000000d9e00000,0x00000000d9e00000,0x00000000da300000)
 ParOldGen       total 61440K, used 7945K [0x0000000081800000, 0x0000000085400000, 0x00000000d5d80000)
  object space 61440K, 12% used [0x0000000081800000,0x0000000081fc2428,0x0000000085400000)
 Metaspace       used 26861K, capacity 27780K, committed 28080K, reserved 1073152K
  class space    used 3474K, capacity 3669K, committed 3760K, reserved 1048576K
Event: 4.017 GC heap after
Heap after GC invocations=6 (full 1):
 PSYoungGen      total 71168K, used 5108K [0x00000000d5d80000, 0x00000000db680000, 0x0000000100000000)
  eden space 66048K, 0% used [0x00000000d5d80000,0x00000000d5d80000,0x00000000d9e00000)
  from space 5120K, 99% used [0x00000000d9e00000,0x00000000da2fd030,0x00000000da300000)
  to   space 9728K, 0% used [0x00000000dad00000,0x00000000dad00000,0x00000000db680000)
 ParOldGen       total 61440K, used 10318K [0x0000000081800000, 0x0000000085400000, 0x00000000d5d80000)
  object space 61440K, 16% used [0x0000000081800000,0x0000000082213828,0x0000000085400000)
 Metaspace       used 26861K, capacity 27780K, committed 28080K, reserved 1073152K
  class space    used 3474K, capacity 3669K, committed 3760K, reserved 1048576K
}
Event: 5.830 GC heap before
{Heap before GC invocations=7 (full 1):
 PSYoungGen      total 71168K, used 71156K [0x00000000d5d80000, 0x00000000db680000, 0x0000000100000000)
  eden space 66048K, 100% used [0x00000000d5d80000,0x00000000d9e00000,0x00000000d9e00000)
  from space 5120K, 99% used [0x00000000d9e00000,0x00000000da2fd030,0x00000000da300000)
  to   space 9728K, 0% used [0x00000000dad00000,0x00000000dad00000,0x00000000db680000)
 ParOldGen       total 61440K, used 10318K [0x0000000081800000, 0x0000000085400000, 0x00000000d5d80000)
  object space 61440K, 16% used [0x0000000081800000,0x0000000082213828,0x0000000085400000)
 Metaspace       used 32174K, capacity 33464K, committed 33712K, reserved 1079296K
  class space    used 4186K, capacity 4467K, committed 4528K, reserved 1048576K
Event: 5.851 GC heap after
Heap after GC invocations=7 (full 1):
 PSYoungGen      total 77312K, used 9715K [0x00000000d5d80000, 0x00000000dd500000, 0x0000000100000000)
  eden space 67584K, 0% used [0x00000000d5d80000,0x00000000d5d80000,0x00000000d9f80000)
  from space 9728K, 99% used [0x00000000dad00000,0x00000000db67ceb0,0x00000000db680000)
  to   space 13824K, 0% used [0x00000000d9f80000,0x00000000d9f80000,0x00000000dad00000)
 ParOldGen       total 61440K, used 15638K [0x0000000081800000, 0x0000000085400000, 0x00000000d5d80000)
  object space 61440K, 25% used [0x0000000081800000,0x0000000082745af0,0x0000000085400000)
 Metaspace       used 32174K, capacity 33464K, committed 33712K, reserved 1079296K
  class space    used 4186K, capacity 4467K, committed 4528K, reserved 1048576K
}
Event: 6.279 GC heap before
{Heap before GC invocations=8 (full 1):
 PSYoungGen      total 77312K, used 34530K [0x00000000d5d80000, 0x00000000dd500000, 0x0000000100000000)
  eden space 67584K, 36% used [0x00000000d5d80000,0x00000000d75bbbf8,0x00000000d9f80000)
  from space 9728K, 99% used [0x00000000dad00000,0x00000000db67ceb0,0x00000000db680000)
  to   space 13824K, 0% used [0x00000000d9f80000,0x00000000d9f80000,0x00000000dad00000)
 ParOldGen       total 61440K, used 15638K [0x0000000081800000, 0x0000000085400000, 0x00000000d5d80000)
  object space 61440K, 25% used [0x0000000081800000,0x0000000082745af0,0x0000000085400000)
 Metaspace       used 34138K, capacity 35374K, committed 35496K, reserved 1079296K
  class space    used 4459K, capacity 4708K, committed 4784K, reserved 1048576K
Event: 6.301 GC heap after
Heap after GC invocations=8 (full 1):
 PSYoungGen      total 81408K, used 11761K [0x00000000d5d80000, 0x00000000de080000, 0x0000000100000000)
  eden space 67584K, 0% used [0x00000000d5d80000,0x00000000d5d80000,0x00000000d9f80000)
  from space 13824K, 85% used [0x00000000d9f80000,0x00000000daafc4c8,0x00000000dad00000)
  to   space 14848K, 0% used [0x00000000dd200000,0x00000000dd200000,0x00000000de080000)
 ParOldGen       total 61440K, used 15638K [0x0000000081800000, 0x0000000085400000, 0x00000000d5d80000)
  object space 61440K, 25% used [0x0000000081800000,0x0000000082745af0,0x0000000085400000)
 Metaspace       used 34138K, capacity 35374K, committed 35496K, reserved 1079296K
  class space    used 4459K, capacity 4708K, committed 4784K, reserved 1048576K
}
Event: 6.301 GC heap before
{Heap before GC invocations=9 (full 2):
 PSYoungGen      total 81408K, used 11761K [0x00000000d5d80000, 0x00000000de080000, 0x0000000100000000)
  eden space 67584K, 0% used [0x00000000d5d80000,0x00000000d5d80000,0x00000000d9f80000)
  from space 13824K, 85% used [0x00000000d9f80000,0x00000000daafc4c8,0x00000000dad00000)
  to   space 14848K, 0% used [0x00000000dd200000,0x00000000dd200000,0x00000000de080000)
 ParOldGen       total 61440K, used 15638K [0x0000000081800000, 0x0000000085400000, 0x00000000d5d80000)
  object space 61440K, 25% used [0x0000000081800000,0x0000000082745af0,0x0000000085400000)
 Metaspace       used 34138K, capacity 35374K, committed 35496K, reserved 1079296K
  class space    used 4459K, capacity 4708K, committed 4784K, reserved 1048576K
Event: 6.459 GC heap after
Heap after GC invocations=9 (full 2):
 PSYoungGen      total 81408K, used 0K [0x00000000d5d80000, 0x00000000de080000, 0x0000000100000000)
  eden space 67584K, 0% used [0x00000000d5d80000,0x00000000d5d80000,0x00000000d9f80000)
  from space 13824K, 0% used [0x00000000d9f80000,0x00000000d9f80000,0x00000000dad00000)
  to   space 14848K, 0% used [0x00000000dd200000,0x00000000dd200000,0x00000000de080000)
 ParOldGen       total 100864K, used 18054K [0x0000000081800000, 0x0000000087a80000, 0x00000000d5d80000)
  object space 100864K, 17% used [0x0000000081800000,0x00000000829a1b20,0x0000000087a80000)
 Metaspace       used 34138K, capacity 35374K, committed 35496K, reserved 1079296K
  class space    used 4459K, capacity 4708K, committed 4784K, reserved 1048576K
}
Event: 7.605 GC heap before
{Heap before GC invocations=10 (full 2):
 PSYoungGen      total 81408K, used 67584K [0x00000000d5d80000, 0x00000000de080000, 0x0000000100000000)
  eden space 67584K, 100% used [0x00000000d5d80000,0x00000000d9f80000,0x00000000d9f80000)
  from space 13824K, 0% used [0x00000000d9f80000,0x00000000d9f80000,0x00000000dad00000)
  to   space 14848K, 0% used [0x00000000dd200000,0x00000000dd200000,0x00000000de080000)
 ParOldGen       total 100864K, used 18054K [0x0000000081800000, 0x0000000087a80000, 0x00000000d5d80000)
  object space 100864K, 17% used [0x0000000081800000,0x00000000829a1b20,0x0000000087a80000)
 Metaspace       used 36238K, capacity 37782K, committed 37800K, reserved 1081344K
  class space    used 4745K, capacity 5026K, committed 5040K, reserved 1048576K
Event: 7.616 GC heap after
Heap after GC invocations=10 (full 2):
 PSYoungGen      total 101888K, used 5748K [0x00000000d5d80000, 0x00000000dd800000, 0x0000000100000000)
  eden space 95744K, 0% used [0x00000000d5d80000,0x00000000d5d80000,0x00000000dbb00000)
  from space 6144K, 93% used [0x00000000dd200000,0x00000000dd79d218,0x00000000dd800000)
  to   space 14848K, 0% used [0x00000000dbb00000,0x00000000dbb00000,0x00000000dc980000)
 ParOldGen       total 100864K, used 18062K [0x0000000081800000, 0x0000000087a80000, 0x00000000d5d80000)
  object space 100864K, 17% used [0x0000000081800000,0x00000000829a3b20,0x0000000087a80000)
 Metaspace       used 36238K, capacity 37782K, committed 37800K, reserved 1081344K
  class space    used 4745K, capacity 5026K, committed 5040K, reserved 1048576K
}

